<?xml version="1.0" encoding="UTF-8"?>
<testsuite xmlns:xsi="http://www.w3.org/2001/XMLSchema-instance" xsi:noNamespaceSchemaLocation="https://maven.apache.org/surefire/maven-surefire-plugin/xsd/surefire-test-report.xsd" version="3.0.2" name="com.yishape.lab.math.hpc.LpCsrMatrixTest" time="0.009" tests="2" errors="0" skipped="0" failures="0">
  <properties>
[...]
</properties>
  <testcase name="fromCooBuildsSortedCsrRows" classname="com.yishape.lab.math.hpc.LpCsrMatrixTest" time="0.005"/>
  <testcase name="fromCooMergesDuplicates" classname="com.yishape.lab.math.hpc.LpCsrMatrixTest" time="0.001"/>
</testsuite>